[    0.000000] Initializing cgroup subsys cpuset
[    0.000000] Initializing cgroup subsys cpu
[    0.000000] Initializing cgroup subsys cpuacct
[    0.000000] Linux version 4.4.0-210-generic (buildd@lgw01-amd64-009) (gcc version 5.4.0 20160609 (Ubuntu 5.4.0-6ubuntu1~16.04.12) ) #242-Ubuntu SMP Fri Apr 16 09:57:56 UTC 2021 (Ubuntu 4.4.0-210.242-generic 4.4.262)
[    0.000000] Command line: BOOT_IMAGE=/boot/vmlinuz-4.4.0-210-generic root=LABEL=cloudimg-rootfs ro console=tty1 console=ttyS0
[    0.000000] KERNEL supported cpus:
[    0.000000]   Intel GenuineIntel
[    0.000000]   AMD AuthenticAMD
[    0.000000]   Centaur CentaurHauls
[    0.000000] [Firmware Bug]: TSC doesn't count with P0 frequency!
[    0.000000] x86/fpu: xstate_offset[2]:  576, xstate_sizes[2]:  256
[    0.000000] x86/fpu: Supporting XSAVE feature 0x01: 'x87 floating point registers'
[    0.000000] x86/fpu: Supporting XSAVE feature 0x02: 'SSE registers'
[    0.000000] x86/fpu: Supporting XSAVE feature 0x04: 'AVX registers'
[    0.000000] x86/fpu: Enabled xstate features 0x7, context size is 832 bytes, using 'standard' format.
[    0.000000] e820: BIOS-provided physical RAM map:
[    0.000000] BIOS-e820: [mem 0x0000000000000000-0x000000000009fbff] usable
[    0.000000] BIOS-e820: [mem 0x000000000009fc00-0x000000000009ffff] reserved
[    0.000000] BIOS-e820: [mem 0x00000000000f0000-0x00000000000fffff] reserved
[    0.000000] BIOS-e820: [mem 0x0000000000100000-0x000000003ffeffff] usable
[    0.000000] BIOS-e820: [mem 0x000000003fff0000-0x000000003fffffff] ACPI data
[    0.000000] BIOS-e820: [mem 0x00000000fec00000-0x00000000fec00fff] reserved
[    0.000000] BIOS-e820: [mem 0x00000000fee00000-0x00000000fee00fff] reserved
[    0.000000] BIOS-e820: [mem 0x00000000fffc0000-0x00000000ffffffff] reserved
[    0.000000] NX (Execute Disable) protection: active
[    0.000000] SMBIOS 2.5 present.
[    0.000000] Hypervisor detected: KVM
[    0.000000] Kernel/User page tables isolation: disabled
[    0.000000] e820: last_pfn = 0x3fff0 max_arch_pfn = 0x400000000
[    0.000000] MTRR: Disabled
[    0.000000] x86/PAT: MTRRs disabled, skipping PAT initialization too.
[    0.000000] CPU MTRRs all blank - virtualized system.
[    0.000000] x86/PAT: Configuration [0-7]: WB  WT  UC- UC  WB  WT  UC- UC  
[    0.000000] found SMP MP-table at [mem 0x0009fff0-0x0009ffff] mapped at [ffff88000009fff0]
[    0.000000] Scanning 1 areas for low memory corruption
[    0.000000] RAMDISK: [mem 0x36148000-0x3709bfff]
[    0.000000] ACPI: Early table checksum verification disabled
[    0.000000] ACPI: RSDP 0x00000000000E0000 000024 (v02 VBOX  )
[    0.000000] ACPI: XSDT 0x000000003FFF0030 00003C (v01 VBOX   VBOXXSDT 00000001 ASL  00000061)
[    0.000000] ACPI: FACP 0x000000003FFF00F0 0000F4 (v04 VBOX   VBOXFACP 00000001 ASL  00000061)
[    0.000000] ACPI: DSDT 0x000000003FFF0610 002353 (v02 VBOX   VBOXBIOS 00000002 INTL 20100528)
[    0.000000] ACPI: FACS 0x000000003FFF0200 000040
[    0.000000] ACPI: FACS 0x000000003FFF0200 000040
[    0.000000] ACPI: APIC 0x000000003FFF0240 00005C (v02 VBOX   VBOXAPIC 00000001 ASL  00000061)
[    0.000000] ACPI: SSDT 0x000000003FFF02A0 00036C (v01 VBOX   VBOXCPUT 00000002 INTL 20100528)
[    0.000000] No NUMA configuration found
[    0.000000] Faking a node at [mem 0x0000000000000000-0x000000003ffeffff]
[    0.000000] NODE_DATA(0) allocated [mem 0x3ffeb000-0x3ffeffff]
[    0.000000] kvm-clock: Using msrs 4b564d01 and 4b564d00
[    0.000000] kvm-clock: cpu 0, msr 0:3ffe3001, primary cpu clock
[    0.000000] kvm-clock: using sched offset of 3500713537 cycles
[    0.000000] clocksource: kvm-clock: mask: 0xffffffffffffffff max_cycles: 0x1cd42e4dffb, max_idle_ns: 881590591483 ns
[    0.000000] Zone ranges:
[    0.000000]   DMA      [mem 0x0000000000001000-0x0000000000ffffff]
[    0.000000]   DMA32    [mem 0x0000000001000000-0x000000003ffeffff]
[    0.000000]   Normal   empty
[    0.000000]   Device   empty
[    0.000000] Movable zone start for each node
[    0.000000] Early memory node ranges
[    0.000000]   node   0: [mem 0x0000000000001000-0x000000000009efff]
[    0.000000]   node   0: [mem 0x0000000000100000-0x000000003ffeffff]
[    0.000000] Initmem setup node 0 [mem 0x0000000000001000-0x000000003ffeffff]
[    0.000000] ACPI: PM-Timer IO Port: 0x4008
[    0.000000] IOAPIC[0]: apic_id 2, version 32, address 0xfec00000, GSI 0-23
[    0.000000] ACPI: INT_SRC_OVR (bus 0 bus_irq 0 global_irq 2 dfl dfl)
[    0.000000] ACPI: INT_SRC_OVR (bus 0 bus_irq 9 global_irq 9 low level)
[    0.000000] Using ACPI (MADT) for SMP configuration information
[    0.000000] smpboot: Allowing 2 CPUs, 0 hotplug CPUs
[    0.000000] PM: Registered nosave memory: [mem 0x00000000-0x00000fff]
[    0.000000] PM: Registered nosave memory: [mem 0x0009f000-0x0009ffff]
[    0.000000] PM: Registered nosave memory: [mem 0x000a0000-0x000effff]
[    0.000000] PM: Registered nosave memory: [mem 0x000f0000-0x000fffff]
[    0.000000] e820: [mem 0x40000000-0xfebfffff] available for PCI devices
[    0.000000] Booting paravirtualized kernel on KVM
[    0.000000] clocksource: refined-jiffies: mask: 0xffffffff max_cycles: 0xffffffff, max_idle_ns: 7645519600211568 ns
[    0.000000] setup_percpu: NR_CPUS:512 nr_cpumask_bits:512 nr_cpu_ids:2 nr_node_ids:1
[    0.000000] PERCPU: Embedded 33 pages/cpu @ffff88003fc00000 s95192 r8192 d31784 u1048576
[    0.000000] Built 1 zonelists in Node order, mobility grouping on.  Total pages: 257912
[    0.000000] Policy zone: DMA32
[    0.000000] Kernel command line: BOOT_IMAGE=/boot/vmlinuz-4.4.0-210-generic root=LABEL=cloudimg-rootfs ro console=tty1 console=ttyS0
[    0.000000] PID hash table entries: 4096 (order: 3, 32768 bytes)
[    0.000000] Memory: 996984K/1048120K available (8644K kernel code, 1332K rwdata, 4044K rodata, 1492K init, 1164K bss, 51136K reserved, 0K cma-reserved)
[    0.000000] SLUB: HWalign=64, Order=0-3, MinObjects=0, CPUs=2, Nodes=1
[    0.000000] Hierarchical RCU implementation.
[    0.000000] 	Build-time adjustment of leaf fanout to 64.
[    0.000000] 	RCU restricting CPUs from NR_CPUS=512 to nr_cpu_ids=2.
[    0.000000] RCU: Adjusting geometry for rcu_fanout_leaf=64, nr_cpu_ids=2
[    0.000000] NR_IRQS:33024 nr_irqs:440 16
[    0.000000] Console: colour VGA+ 80x25
[    0.000000] console [tty1] enabled
[    0.000000] console [ttyS0] enabled
[    0.000000] tsc: Detected 2096.060 MHz processor
[    0.224324] Calibrating delay loop (skipped) preset value.. 4192.12 BogoMIPS (lpj=8384240)
[    0.226639] pid_max: default: 32768 minimum: 301
[    0.227877] ACPI: Core revision 20150930
[    0.230752] ACPI: 2 ACPI AML tables successfully acquired and loaded
[    0.232613] Security Framework initialized
[    0.233756] Yama: becoming mindful.
[    0.234994] AppArmor: AppArmor initialized
[    0.237223] Dentry cache hash table entries: 131072 (order: 8, 1048576 bytes)
[    0.240925] Inode-cache hash table entries: 65536 (order: 7, 524288 bytes)
[    0.244567] Mount-cache hash table entries: 2048 (order: 2, 16384 bytes)
[    0.247662] Mountpoint-cache hash table entries: 2048 (order: 2, 16384 bytes)
[    0.251993] Initializing cgroup subsys io
[    0.254282] Initializing cgroup subsys memory
[    0.256909] Initializing cgroup subsys devices
[    0.259278] Initializing cgroup subsys freezer
[    0.261596] Initializing cgroup subsys net_cls
[    0.264325] Initializing cgroup subsys perf_event
[    0.266889] Initializing cgroup subsys net_prio
[    0.269951] Initializing cgroup subsys hugetlb
[    0.272589] Initializing cgroup subsys pids
[    0.408809] mce: CPU supports 0 MCE banks
[    0.410226] Last level iTLB entries: 4KB 1024, 2MB 1024, 4MB 512
[    0.411855] Last level dTLB entries: 4KB 1536, 2MB 1536, 4MB 768, 1GB 0
[    0.413502] Spectre V1 : Mitigation: usercopy/swapgs barriers and __user pointer sanitization
[    0.415660] Spectre V2 : Spectre mitigation: LFENCE not serializing, switching to generic retpoline
[    0.418367] Spectre V2 : Mitigation: Full generic retpoline
[    0.419892] Spectre V2 : Spectre v2 / SpectreRSB mitigation: Filling RSB on context switch
[    0.425350] Freeing SMP alternatives memory: 36K
[    0.434643] ftrace: allocating 32380 entries in 127 pages
[    0.526567] smpboot: APIC(0) Converting physical 0 to logical package 0
[    0.528597] smpboot: Max logical packages: 1
[    0.530123] x2apic enabled
[    0.531307] Switched APIC routing to physical x2apic.
[    0.534470] ..TIMER: vector=0x30 apic1=0 pin1=2 apic2=-1 pin2=-1
[    0.644214] APIC calibration not consistent with PM-Timer: 101ms instead of 100ms
[    0.646420] APIC delta adjusted to PM-Timer: 6267202 (6337184)
[    0.648045] smpboot: CPU0: AMD Ryzen 5 3500U with Radeon Vega Mobile Gfx (family: 0x17, model: 0x18, stepping: 0x1)
[    0.651047] Performance Events: Broken PMU hardware detected, using software events only.
[    0.653382] Failed to access perfctr msr (MSR c0010007 is 0)
[    0.663693] KVM setup paravirtual spinlock
[    0.668230] x86: Booting SMP configuration:
[    0.669525] .... node  #0, CPUs:      #1
[    0.670776] kvm-clock: cpu 1, msr 0:3ffe3041, secondary cpu clock
[    0.803243] mce: CPU supports 0 MCE banks
[    0.806448] x86: Booted up 1 node, 2 CPUs
[    0.807873] smpboot: Total of 2 processors activated (8384.24 BogoMIPS)
[    0.810145] devtmpfs: initialized
[    0.813522] evm: security.selinux
[    0.814542] evm: security.SMACK64
[    0.815496] evm: security.SMACK64EXEC
[    0.816509] evm: security.SMACK64TRANSMUTE
[    0.818077] evm: security.SMACK64MMAP
[    0.819071] evm: security.ima
[    0.819988] evm: security.capability
[    0.821853] clocksource: jiffies: mask: 0xffffffff max_cycles: 0xffffffff, max_idle_ns: 7645041785100000 ns
[    0.824166] futex hash table entries: 512 (order: 3, 32768 bytes)
[    0.825929] pinctrl core: initialized pinctrl subsystem
[    0.827806] RTC time:  7:59:31, date: 04/11/24
[    0.830773] NET: Registered protocol family 16
[    0.841168] cpuidle: using governor ladder
[    0.854563] cpuidle: using governor menu
[    0.856774] PCCT header not found.
[    0.858686] ACPI: bus type PCI registered
[    0.859855] acpiphp: ACPI Hot Plug PCI Controller Driver version: 0.5
[    0.861762] PCI: Using configuration type 1 for base access
[    0.863215] PCI: Using configuration type 1 for extended access
[    0.877340] ACPI: Added _OSI(Module Device)
[    0.878840] ACPI: Added _OSI(Processor Device)
[    0.880076] ACPI: Added _OSI(3.0 _SCP Extensions)
[    0.881432] ACPI: Added _OSI(Processor Aggregator Device)
[    0.883793] ACPI: Executed 1 blocks of module-level executable AML code
[    0.888063] ACPI: Interpreter enabled
[    0.889099] ACPI: (supports S0 S5)
[    0.890381] ACPI: Using IOAPIC for interrupt routing
[    0.892037] PCI: Using host bridge windows from ACPI; if necessary, use "pci=nocrs" and report a bug
[    0.899352] ACPI: PCI Root Bridge [PCI0] (domain 0000 [bus 00-ff])
[    0.901145] acpi PNP0A03:00: _OSC: OS supports [ExtendedConfig ASPM ClockPM Segments MSI]
[    0.904406] acpi PNP0A03:00: _OSC: platform does not support [PCIeCapability]
[    0.906583] acpi PNP0A03:00: _OSC: not requesting control; platform does not support [PCIeCapability]
[    0.909083] acpi PNP0A03:00: _OSC: OS requested [PCIeHotplug PME AER PCIeCapability]
[    0.911329] acpi PNP0A03:00: _OSC: platform willing to grant [PCIeHotplug PME AER]
[    0.913424] acpi PNP0A03:00: _OSC failed (AE_SUPPORT); disabling ASPM
[    0.915666] PCI host bridge to bus 0000:00
[    0.928558] pci_bus 0000:00: root bus resource [io  0x0000-0x0cf7 window]
[    0.930361] pci_bus 0000:00: root bus resource [io  0x0d00-0xffff window]
[    0.932120] pci_bus 0000:00: root bus resource [mem 0x000a0000-0x000bffff window]
[    0.934472] pci_bus 0000:00: root bus resource [mem 0x40000000-0xfdffffff window]
[    0.936606] pci_bus 0000:00: root bus resource [bus 00-ff]
[    0.940898] pci 0000:00:01.1: legacy IDE quirk: reg 0x10: [io  0x01f0-0x01f7]
[    0.942680] pci 0000:00:01.1: legacy IDE quirk: reg 0x14: [io  0x03f6]
[    0.944262] pci 0000:00:01.1: legacy IDE quirk: reg 0x18: [io  0x0170-0x0177]
[    0.946170] pci 0000:00:01.1: legacy IDE quirk: reg 0x1c: [io  0x0376]
[    0.976341] pci 0000:00:07.0: quirk: [io  0x4000-0x403f] claimed by PIIX4 ACPI
[    0.978429] pci 0000:00:07.0: quirk: [io  0x4100-0x410f] claimed by PIIX4 SMB
[    1.000938] ACPI: PCI Interrupt Link [LNKA] (IRQs 5 9 10 *11)
[    1.003446] ACPI: PCI Interrupt Link [LNKB] (IRQs 5 9 *10 11)
[    1.005550] ACPI: PCI Interrupt Link [LNKC] (IRQs 5 *9 10 11)
[    1.007648] ACPI: PCI Interrupt Link [LNKD] (IRQs 5 9 10 *11)
[    1.010004] ACPI: Enabled 2 GPEs in block 00 to 07
[    1.011788] vgaarb: setting as boot device: PCI:0000:00:02.0
[    1.013422] vgaarb: device added: PCI:0000:00:02.0,decodes=io+mem,owns=io+mem,locks=none
[    1.015862] vgaarb: loaded
[    1.016902] vgaarb: bridge control possible 0000:00:02.0
[    1.018733] SCSI subsystem initialized
[    1.020348] ACPI: bus type USB registered
[    1.021580] usbcore: registered new interface driver usbfs
[    1.023139] usbcore: registered new interface driver hub
[    1.024524] usbcore: registered new device driver usb
[    1.026229] PCI: Using ACPI for IRQ routing
[    1.027891] NetLabel: Initializing
[    1.029125] NetLabel:  domain hash size = 128
[    1.030269] NetLabel:  protocols = UNLABELED CIPSOv4
[    1.031675] NetLabel:  unlabeled traffic allowed by default
[    1.033273] amd_nb: Cannot enumerate AMD northbridges
[    1.034714] clocksource: Switched to clocksource kvm-clock
[    1.045241] AppArmor: AppArmor Filesystem Enabled
[    1.046647] pnp: PnP ACPI init
[    1.048691] pnp: PnP ACPI: found 3 devices
[    1.060190] clocksource: acpi_pm: mask: 0xffffff max_cycles: 0xffffff, max_idle_ns: 2085701024 ns
[    1.062541] NET: Registered protocol family 2
[    1.064338] TCP established hash table entries: 8192 (order: 4, 65536 bytes)
[    1.066079] TCP bind hash table entries: 8192 (order: 5, 131072 bytes)
[    1.068187] TCP: Hash tables configured (established 8192 bind 8192)
[    1.069722] UDP hash table entries: 512 (order: 2, 16384 bytes)
[    1.071439] UDP-Lite hash table entries: 512 (order: 2, 16384 bytes)
[    1.073167] NET: Registered protocol family 1
[    1.074311] pci 0000:00:00.0: Limiting direct PCI/PCI transfers
[    1.075696] pci 0000:00:01.0: Activating ISA DMA hang workarounds
[    1.077557] Unpacking initramfs...
[    1.395937] Freeing initrd memory: 15696K
[    1.397351] clocksource: tsc: mask: 0xffffffffffffffff max_cycles: 0x1e36a685b69, max_idle_ns: 440795255641 ns
[    1.399894] platform rtc_cmos: registered platform RTC device (no PNP device found)
[    1.401995] Scanning for low memory corruption every 60 seconds
[    1.405009] audit: initializing netlink subsys (disabled)
[    1.407773] audit: type=2000 audit(1712822377.183:1): initialized
[    1.411455] Initialise system trusted keyring
[    1.414197] HugeTLB registered 2 MB page size, pre-allocated 0 pages
[    1.417457] zbud: loaded
[    1.419974] VFS: Disk quotas dquot_6.6.0
[    1.421139] VFS: Dquot-cache hash table entries: 512 (order 0, 4096 bytes)
[    1.423211] squashfs: version 4.0 (2009/01/31) Phillip Lougher
[    1.425322] fuse init (API version 7.23)
[    1.427804] Key type big_key registered
[    1.429950] Allocating IMA MOK and blacklist keyrings.
[    1.435628] Key type asymmetric registered
[    1.436912] Asymmetric key parser 'x509' registered
[    1.438288] Block layer SCSI generic (bsg) driver version 0.4 loaded (major 249)
[    1.440608] io scheduler noop registered
[    1.441775] io scheduler deadline registered (default)
[    1.443177] io scheduler cfq registered
[    1.444411] pci_hotplug: PCI Hot Plug PCI Core version: 0.5
[    1.445980] pciehp: PCI Express Hot Plug Controller Driver version: 0.4
[    1.447977] ACPI: AC Adapter [AC] (off-line)
[    1.449224] input: Power Button as /devices/LNXSYSTM:00/LNXPWRBN:00/input/input0
[    1.451322] ACPI: Power Button [PWRF]
[    1.452714] input: Sleep Button as /devices/LNXSYSTM:00/LNXSLPBN:00/input/input1
[    1.454686] ACPI: Sleep Button [SLPF]
[    1.456214] GHES: HEST is not enabled!
[    1.457010] ACPI: Battery Slot [BAT0] (battery present)
[    1.461525] Serial: 8250/16550 driver, 32 ports, IRQ sharing enabled
[    1.486051] 00:02: ttyS0 at I/O 0x3f8 (irq = 4, base_baud = 115200) is a 16550A
[    1.496726] Linux agpgart interface v0.103
[    1.504353] loop: module loaded
[    1.506302] scsi host0: ata_piix
[    1.508702] scsi host1: ata_piix
[    1.509738] ata1: PATA max UDMA/33 cmd 0x1f0 ctl 0x3f6 bmdma 0xd000 irq 14
[    1.511484] ata2: PATA max UDMA/33 cmd 0x170 ctl 0x376 bmdma 0xd008 irq 15
[    1.513513] libphy: Fixed MDIO Bus: probed
[    1.515733] tun: Universal TUN/TAP device driver, 1.6
[    1.518615] tun: (C) 1999-2004 Max Krasnyansky <maxk@qualcomm.com>
[    1.521972] PPP generic driver version 2.4.2
[    1.523527] ehci_hcd: USB 2.0 'Enhanced' Host Controller (EHCI) Driver
[    1.525108] ehci-pci: EHCI PCI platform driver
[    1.526381] ehci-platform: EHCI generic platform driver
[    1.527807] ohci_hcd: USB 1.1 'Open' Host Controller (OHCI) Driver
[    1.530957] ohci-pci: OHCI PCI platform driver
[    1.533871] ohci-platform: OHCI generic platform driver
[    1.536097] uhci_hcd: USB Universal Host Controller Interface driver
[    1.537790] i8042: PNP: PS/2 Controller [PNP0303:PS2K,PNP0f03:PS2M] at 0x60,0x64 irq 1,12
[    1.540443] serio: i8042 KBD port at 0x60,0x64 irq 1
[    1.542035] serio: i8042 AUX port at 0x60,0x64 irq 12
[    1.545137] mousedev: PS/2 mouse device common for all mice
[    1.549087] input: AT Translated Set 2 keyboard as /devices/platform/i8042/serio0/input/input2
[    1.552795] rtc_cmos rtc_cmos: rtc core: registered rtc_cmos as rtc0
[    1.554549] rtc_cmos rtc_cmos: alarms up to one day, 114 bytes nvram
[    1.556159] i2c /dev entries driver
[    1.557418] device-mapper: uevent: version 1.0.3
[    1.558881] device-mapper: ioctl: 4.34.0-ioctl (2015-10-28) initialised: dm-devel@redhat.com
[    1.561112] ledtrig-cpu: registered to indicate activity on CPUs
[    1.563752] NET: Registered protocol family 10
[    1.567127] NET: Registered protocol family 17
[    1.568483] Key type dns_resolver registered
[    1.570852] registered taskstats version 1
[    1.573272] Loading compiled-in X.509 certificates
[    1.577302] Loaded X.509 cert 'Build time autogenerated kernel key: cf00e047681d67edb2720680708b7d9498083038'
[    1.582394] zswap: loaded using pool lzo/zbud
[    1.589800] Key type trusted registered
[    1.598862] Key type encrypted registered
[    1.600333] AppArmor: AppArmor sha1 policy hashing enabled
[    1.601747] ima: No TPM chip found, activating TPM-bypass!
[    1.603340] ima: Allocated hash algorithm: sha1
[    1.604736] evm: HMAC attrs: 0x1
[    1.606528]   Magic number: 4:995:975
[    1.609468] rtc_cmos rtc_cmos: setting system clock to 2024-04-11 07:59:32 UTC (1712822372)
[    1.615130] BIOS EDD facility v0.16 2004-Jun-25, 0 devices found
[    1.618828] EDD information not available.
[    1.698078] Freeing unused kernel memory: 1492K
[    1.700561] Write protecting the kernel read-only data: 14336k
[    1.704471] Freeing unused kernel memory: 1584K
[    1.705970] Freeing unused kernel memory: 52K
Loading, please wait...
starting version 229
[    1.735458] random: systemd-udevd: uninitialized urandom read (16 bytes read, 5 bits of entropy available)
[    1.736280] random: udevadm: uninitialized urandom read (16 bytes read, 5 bits of entropy available)
[    1.736380] random: udevadm: uninitialized urandom read (16 bytes read, 5 bits of entropy available)
[    1.745352] random: systemd-udevd: uninitialized urandom read (16 bytes read, 5 bits of entropy available)
[    1.748058] random: systemd-udevd: uninitialized urandom read (16 bytes read, 5 bits of entropy available)
[    1.751040] random: systemd-udevd: uninitialized urandom read (16 bytes read, 5 bits of entropy available)
[    1.751459] random: udevadm: uninitialized urandom read (16 bytes read, 5 bits of entropy available)
[    1.751602] random: udevadm: uninitialized urandom read (16 bytes read, 5 bits of entropy available)
[    1.751963] random: udevadm: uninitialized urandom read (16 bytes read, 5 bits of entropy available)
[    1.752134] random: udevadm: uninitialized urandom read (16 bytes read, 5 bits of entropy available)
[    1.910513] e1000: Intel(R) PRO/1000 Network Driver - version 7.3.21-k8-NAPI
[    1.912695] e1000: Copyright (c) 1999-2006 Intel Corporation.
[    1.917602] Fusion MPT base driver 3.04.20
[    1.919032] Copyright (c) 1999-2008 LSI Corporation
[    1.925882] Fusion MPT SPI Host driver 3.04.20
[    1.974073] AVX2 version of gcm_enc/dec engaged.
[    1.975472] AES CTR mode by8 optimization enabled
[    2.162861] input: ImExPS/2 Generic Explorer Mouse as /devices/platform/i8042/serio1/input/input4
[    2.516485] e1000 0000:00:03.0 eth0: (PCI:33MHz:32-bit) 02:be:82:6b:cc:1d
[    2.519470] e1000 0000:00:03.0 eth0: Intel(R) PRO/1000 Network Connection
[    2.932714] e1000 0000:00:08.0 eth1: (PCI:33MHz:32-bit) 08:00:27:cf:1a:b3
[    2.935218] e1000 0000:00:08.0 eth1: Intel(R) PRO/1000 Network Connection
[    2.938519] mptbase: ioc0: Initiating bringup
[    2.939583] e1000 0000:00:03.0 enp0s3: renamed from eth0
[    2.951500] e1000 0000:00:08.0 enp0s8: renamed from eth1
[    3.103588] ioc0: LSI53C1030 A0: Capabilities={Initiator}
[    3.293472] scsi host2: ioc0: LSI53C1030 A0, FwRev=00000000h, Ports=1, MaxQ=256, IRQ=20
[    3.413587] scsi 2:0:0:0: Direct-Access     VBOX     HARDDISK         1.0  PQ: 0 ANSI: 5
[    3.419570] scsi target2:0:0: Beginning Domain Validation
[    3.426425] scsi target2:0:0: Domain Validation skipping write tests
[    3.430156] scsi target2:0:0: Ending Domain Validation
[    3.434140] scsi target2:0:0: asynchronous
[    3.438543] scsi 2:0:1:0: Direct-Access     VBOX     HARDDISK         1.0  PQ: 0 ANSI: 5
[    3.443128] scsi target2:0:1: Beginning Domain Validation
[    3.446095] scsi target2:0:1: Domain Validation skipping write tests
[    3.448538] scsi target2:0:1: Ending Domain Validation
[    3.450158] scsi target2:0:1: asynchronous
[    3.459859] sd 2:0:0:0: Attached scsi generic sg0 type 0
[    3.461994] sd 2:0:0:0: [sda] 83886080 512-byte logical blocks: (42.9 GB/40.0 GiB)
[    3.465247] sd 2:0:1:0: [sdb] 20480 512-byte logical blocks: (10.5 MB/10.0 MiB)
[    3.467417] sd 2:0:0:0: [sda] Write Protect is off
[    3.467756] sd 2:0:0:0: [sda] Incomplete mode parameter data
[    3.467758] sd 2:0:0:0: [sda] Assuming drive cache: write through
[    3.471351] sd 2:0:1:0: Attached scsi generic sg1 type 0
[    3.476584] sd 2:0:1:0: [sdb] Write Protect is off
[    3.477320]  sda: sda1
[    3.478958] sd 2:0:1:0: [sdb] Incomplete mode parameter data
[    3.480438] sd 2:0:1:0: [sdb] Assuming drive cache: write through
[    3.483214] sd 2:0:0:0: [sda] Attached SCSI disk
[    3.486321] sd 2:0:1:0: [sdb] Attached SCSI disk
Begin: Loading essential drivers ... [    4.999876] md: linear personality registered for level -1
[    5.004649] md: multipath personality registered for level -4
[    5.009400] md: raid0 personality registered for level 0
[    5.015637] md: raid1 personality registered for level 1
[    5.087105] raid6: sse2x1   gen()  5012 MB/s
[    5.154979] raid6: sse2x1   xor()  4557 MB/s
[    5.223072] raid6: sse2x2   gen()  9634 MB/s
[    5.290829] raid6: sse2x2   xor()  6395 MB/s
[    5.359179] raid6: sse2x4   gen() 10224 MB/s
[    5.426919] raid6: sse2x4   xor()  5277 MB/s
[    5.494751] raid6: avx2x1   gen() 10898 MB/s
[    5.562929] raid6: avx2x2   gen() 11706 MB/s
[    5.634775] raid6: avx2x4   gen() 10366 MB/s
[    5.636189] raid6: using algorithm avx2x2 gen() 11706 MB/s
[    5.637650] raid6: using avx2x2 recovery algorithm
[    5.640355] xor: automatically using best checksumming function:
[    5.679220]    avx       :  7627.000 MB/sec
[    5.682505] async_tx: api initialized (async)
[    5.696367] md: raid6 personality registered for level 6
[    5.699623] md: raid5 personality registered for level 5
[    5.702164] md: raid4 personality registered for level 4
[    5.722669] md: raid10 personality registered for level 10
done.
Begin: Running /scripts/init-premount ... done.
Begin: Mounting root file system ... Begin: Running /scripts/local-top ... done.
Begin: Running /scripts/local-premount ... [    5.791156] Btrfs loaded
Scanning for Btrfs filesystems
done.
Begin: Will now check root file system ... fsck from util-linux 2.27.1
[/sbin/fsck.ext4 (1) -- /dev/sda1] fsck.ext4 -a -C0 /dev/sda1 
cloudimg-rootfs: recovering journal
cloudimg-rootfs: Clearing orphaned inode 2074 (uid=0, gid=0, mode=0100644, size=64144)
cloudimg-rootfs: clean, 61718/5120000 files, 604320/10485499 blocks
done.
[    6.105773] EXT4-fs (sda1): mounted filesystem with ordered data mode. Opts: (null)
done.
Begin: Running /scripts/local-bottom ... done.
Begin: Running /scripts/init-bottom ... done.
[    6.276915] systemd[1]: systemd 229 running in system mode. (+PAM +AUDIT +SELINUX +IMA +APPARMOR +SMACK +SYSVINIT +UTMP +LIBCRYPTSETUP +GCRYPT +GNUTLS +ACL +XZ -LZ4 +SECCOMP +BLKID +ELFUTILS +KMOD -IDN)
[    6.281653] systemd[1]: Detected virtualization oracle.
[    6.284010] systemd[1]: Detected architecture x86-64.

Welcome to [1mUbuntu 16.04.7 LTS[0m!

[    6.296395] systemd[1]: Set hostname to <ubuntu-xenial>.
[    6.567315] systemd[1]: Reached target System Time Synchronized.
[[0;32m  OK  [0m] Reached target System Time Synchronized.
[    6.572601] systemd[1]: Listening on Journal Audit Socket.
[[0;32m  OK  [0m] Listening on Journal Audit Socket.
[    6.577428] systemd[1]: Listening on Syslog Socket.
[[0;32m  OK  [0m] Listening on Syslog Socket.
[    6.581701] systemd[1]: Listening on Device-mapper event daemon FIFOs.
[[0;32m  OK  [0m] Listening on Device-mapper event daemon FIFOs.
[    6.586365] systemd[1]: Reached target Swap.
[[0;32m  OK  [0m] Reached target Swap.
[    6.590360] systemd[1]: Reached target Encrypted Volumes.
[[0;32m  OK  [0m] Reached target Encrypted Volumes.
[    6.594853] systemd[1]: Started Forward Password Requests to Wall Directory Watch.
[[0;32m  OK  [0m] Started Forward Password Requests to Wall Directory Watch.
[    6.601050] systemd[1]: Started Trigger resolvconf update for networkd DNS.
[[0;32m  OK  [0m] Started Trigger resolvconf update for networkd DNS.
[    6.606454] systemd[1]: Listening on LVM2 poll daemon socket.
[[0;32m  OK  [0m] Listening on LVM2 poll daemon socket.
[    6.611958] systemd[1]: Created slice System Slice.
[[0;32m  OK  [0m] Created slice System Slice.
[    6.616400] systemd[1]: Set up automount Arbitrary Executable File Formats File System Automount Point.
[[0;32m  OK  [0m] Set up automount Arbitrary Executab...ats File System Automount Point.
[    6.624462] systemd[1]: Listening on LVM2 metadata daemon socket.
[[0;32m  OK  [0m] Listening on LVM2 metadata daemon socket.
[    6.629129] systemd[1]: Reached target User and Group Name Lookups.
[[0;32m  OK  [0m] Reached target User and Group Name Lookups.
[    6.634484] systemd[1]: Listening on Journal Socket.
[[0;32m  OK  [0m] Listening on Journal Socket.
[    6.655470] systemd[1]: Starting Nameserver information manager...
[    6.658755] random: nonblocking pool is initialized
         Starting Nameserver information manager...
[    6.665357] systemd[1]: Mounting Huge Pages File System...
         Mounting Huge Pages File System...
[    6.674039] systemd[1]: Starting Create list of required static device nodes for the current kernel...
         Starting Create list of required st... nodes for the current kernel...
[    6.684110] systemd[1]: Mounting POSIX Message Queue File System...
         Mounting POSIX Message Queue File System...
[    6.690498] systemd[1]: Mounting Debug File System...
         Mounting Debug File System...
[    6.696660] systemd[1]: Starting Uncomplicated firewall...
         Starting Uncomplicated firewall...
[    6.701311] systemd[1]: Listening on /dev/initctl Compatibility Named Pipe.
[[0;32m  OK  [0m] Listening on /dev/initctl Compatibility Named Pipe.
[    6.707988] systemd[1]: Starting Monitoring of LVM2 mirrors, snapshots etc. using dmeventd or progress polling...
         Starting Monitoring of LVM2 mirrors... dmeventd or progress polling...
[    6.720371] systemd[1]: Created slice system-serial\x2dgetty.slice.
[[0;32m  OK  [0m] Created slice system-serial\x2dgetty.slice.
[    6.726887] systemd[1]: Listening on udev Control Socket.
[[0;32m  OK  [0m] Listening on udev Control Socket.
[    6.733896] systemd[1]: Created slice User and Session Slice.
[[0;32m  OK  [0m] Created slice User and Session Slice.
[    6.739301] systemd[1]: Reached target Slices.
[[0;32m  OK  [0m] Reached target Slices.
[    6.743646] systemd[1]: Listening on udev Kernel Socket.
[[0;32m  OK  [0m] Listening on udev Kernel Socket.
[    6.759266] systemd[1]: Starting Set console keymap...
         Starting Set console keymap...
[    6.764438] systemd[1]: Listening on Journal Socket (/dev/log).
[[0;32m  OK  [0m] Listening on Journal Socket (/dev/log).
[    6.772268] systemd[1]: Starting Journal Service...
         Starting Journal Service...
[    6.782083] systemd[1]: Starting Load Kernel Modules...
         Starting Load Kernel Modules...
[    6.786781] systemd[1]: Listening on fsck to fsckd communication Socket.
[[0;32m  OK  [0m] Listening on fsck to fsckd communication Socket.
[    6.796568] systemd[1]: Starting Remount Root and Kernel File Systems...
         Starting Remount Root and Kernel File Systems...
[    6.807062] EXT4-fs (sda1): re-mounted. Opts: (null)
[    6.808810] systemd[1]: Mounted Huge Pages File System.
[[0;32m  OK  [0m] Mounted Huge Pages File System.
[    6.813707] systemd[1]: Mounted POSIX Message Queue File System.
[[0;32m  OK  [0m] Mounted POSIX Message Queue File System.
[    6.819124] systemd[1]: Mounted Debug File System.
[[0;32m  OK  [0m] Mounted Debug File System.
[    6.833164] systemd[1]: Started Create list of required static device nodes for the current kernel.
[    6.837910] Loading iSCSI transport class v2.0-870.
[[0;32m  OK  [0m] Started Create list of required sta...ce nodes for the current kernel.
[    6.852363] systemd[1]: Started Uncomplicated firewall.
[[0;32m  OK  [0m] Started Uncomplicated firewall.
[    6.856245] systemd[1]: Started Remount Root and Kernel File Systems.
[[0;32m  OK  [0m] Started Remount Root and Kernel File Systems.
[    6.864215] systemd[1]: Started Nameserver information manager.
[[0;32m  OK  [0m] Started Nameserver information manager.
[    6.875556] iscsi: registered transport (tcp)
[    6.888885] systemd[1]: Started Journal Service.
[[0;32m  OK  [0m] Started Journal Service.
[[0;32m  OK  [0m] Started Set console keymap.
[[0;32m  OK  [0m] Started LVM2 metadata daemon.
         Starting udev Coldplug all Devices...
         Starting Load/Save Random Seed...
         Starting Flush Journal to Persistent Storage...
         Starting Create Static Device Nodes in /dev...
[    6.942063] systemd-journald[398]: Received request to flush runtime journal from PID 1
[    6.945065] iscsi: registered transport (iser)
[[0;32m  OK  [0m] Started Load/Save Random Seed.
[[0;32m  OK  [0m] Started Flush Journal to Persistent Storage.
[[0;32m  OK  [0m] Started Load Kernel Modules.
         Mounting FUSE Control File System...
         Starting Apply Kernel Variables...
[[0;32m  OK  [0m] Mounted FUSE Control File System.
[[0;32m  OK  [0m] Started Create Static Device Nodes in /dev.
         Starting udev Kernel Device Manager...
[[0;32m  OK  [0m] Started Apply Kernel Variables.
[[0;32m  OK  [0m] Started udev Kernel Device Manager.
[[0;32m  OK  [0m] Started udev Coldplug all Devices.
[[0;32m  OK  [0m] Started Dispatch Password Requests to Console Directory Watch.
[[0;32m  OK  [0m] Started Monitoring of LVM2 mirrors,...ng dmeventd or progress polling.
[[0;32m  OK  [0m] Reached target Local File Systems (Pre).
[[0;32m  OK  [0m] Reached target Local File Systems.
         Starting Create Volatile Files and Directories...
         Starting Set console font and keymap...
         Starting LSB: AppArmor initialization...
         Starting Tell Plymouth To Write Out Runtime Data...
         Starting Initial cloud-init job (pre-networking)...
[[0;32m  OK  [0m] Started Tell Plymouth To Write Out Runtime Data.
[[0;32m  OK  [0m] Started Create Volatile Files and Directories.
         Starting Update UTMP about System Boot/Shutdown...
[[0;32m  OK  [0m] Started Update UTMP about System Boot/Shutdown.
[[0;32m  OK  [0m] Started LSB: AppArmor initialization.
         Starting Load AppArmor profiles managed internally by snapd...
[[0;32m  OK  [0m] Started Load AppArmor profiles managed internally by snapd.
[[0;32m  OK  [0m] Found device /dev/ttyS0.
[[0;32m  OK  [0m] Listening on Load/Save RF Kill Switch Status /dev/rfkill Watch.
[[0;32m  OK  [0m] Found device 82540EM Gigabit Ethern...r (PRO/1000 MT Desktop Adapter).
[[0;32m  OK  [0m] Found device 82540EM Gigabit Ethern...r (PRO/1000 MT Desktop Adapter).
[[0;32m  OK  [0m] Started Set console font and keymap.
[[0;32m  OK  [0m] Created slice system-getty.slice.
[    8.513732] cloud-init[492]: Cloud-init v. 21.1-19-gbad84ad4-0ubuntu1~16.04.2 running 'init-local' at Thu, 11 Apr 2024 07:59:39 +0000. Up 8.08 seconds.
[[0;32m  OK  [0m] Started Initial cloud-init job (pre-networking).
[[0;32m  OK  [0m] Reached target Network (Pre).
[[0;32m  OK  [0m] Started ifup for enp0s8.
[[0;32m  OK  [0m] Started ifup for enp0s3.
         Starting Raise network interfaces...
[[0;32m  OK  [0m] Started Raise network interfaces.
         Starting Initial cloud-init job (metadata service crawler)...
[[0;32m  OK  [0m] Reached target Network.
[    9.763190] cloud-init[1074]: Cloud-init v. 21.1-19-gbad84ad4-0ubuntu1~16.04.2 running 'init' at Thu, 11 Apr 2024 07:59:40 +0000. Up 9.33 seconds.
[    9.773242] cloud-init[1074]: ci-info: ++++++++++++++++++++++++++++++++++++++Net device info+++++++++++++++++++++++++++++++++++++++
[    9.781162] cloud-init[1074]: ci-info: +--------+------+-----------------------------+---------------+--------+-------------------+
[    9.783200] cloud-init[1074]: ci-info: | Device |  Up  |           Address           |      Mask     | Scope  |     Hw-Address    |
[    9.785346] cloud-init[1074]: ci-info: +--------+------+-----------------------------+---------------+--------+-------------------+
[    9.787503] cloud-init[1074]: ci-info: | enp0s3 | True |          10.0.2.15          | 255.255.255.0 | global | 02:be:82:6b:cc:1d |
[    9.789997] cloud-init[1074]: ci-info: | enp0s3 | True |  fe80::be:82ff:fe6b:cc1d/64 |       .       |  link  | 02:be:82:6b:cc:1d |
[    9.801001] cloud-init[1074]: ci-info: | enp0s8 | True |        192.168.56.10        | 255.255.255.0 | global | 08:00:27:cf:1a:b3 |
[    9.803305] cloud-init[1074]: ci-info: | enp0s8 | True | fe80::a00:27ff:fecf:1ab3/64 |       .       |  link  | 08:00:27:cf:1a:b3 |
[    9.805506] cloud-init[1074]: ci-info: |   lo   | True |          127.0.0.1          |   255.0.0.0   |  host  |         .         |
[    9.809140] cloud-init[1074]: ci-info: |   lo   | True |           ::1/128           |       .       |  host  |         .         |
[    9.816955] cloud-init[1074]: ci-info: +--------+------+-----------------------------+---------------+--------+-------------------+
[    9.824955] cloud-init[1074]: ci-info: ++++++++++++++++++++++++++++Route IPv4 info++++++++++++++++++++++++++++
[    9.832899] cloud-init[1074]: ci-info: +-------+--------------+----------+---------------+-----------+-------+
[    9.840739] cloud-init[1074]: ci-info: | Route | Destination  | Gateway  |    Genmask    | Interface | Flags |
[    9.842500] cloud-init[1074]: ci-info: +-------+--------------+----------+---------------+-----------+-------+
[    9.844432] cloud-init[1074]: ci-info: |   0   |   0.0.0.0    | 10.0.2.2 |    0.0.0.0    |   enp0s3  |   UG  |
[    9.852914] cloud-init[1074]: ci-info: |   1   |   10.0.2.0   | 0.0.0.0  | 255.255.255.0 |   enp0s3  |   U   |
[    9.861040] cloud-init[1074]: ci-info: |   2   | 192.168.56.0 | 0.0.0.0  | 255.255.255.0 |   enp0s8  |   U   |
[    9.863401] cloud-init[1074]: ci-info: +-------+--------------+----------+---------------+-----------+-------+
[    9.873181] cloud-init[1074]: ci-info: +++++++++++++++++++Route IPv6 info+++++++++++++++++++
[    9.881156] cloud-init[1074]: ci-info: +-------+-------------+---------+-----------+-------+
[    9.888908] [cloud-init[0;32m  OK  [0m[1074]: ] ci-info: | Route | Destination | Gateway | Interface | Flags |Started Initial cloud-init job (metadata service crawler).

[    9.890815] cloud-init[1074]: ci-info: +-------+-------------+---------+-----------+-------+
[    9.904611] [[0;32m  OK  [0m] Reached target System Initialization.
cloud-init[1074]: ci-info: |   0   |  fe80::/64  |    ::   |   enp0s8  |   U   |
[    9.906849] cloud-init[1074]: ci-info: |   1   |  fe80::/64  |    ::   |   enp0s3  |   U   |
[    9.916360] [cloud-init[0;32m  OK  [0m[1074]: ] ci-info: |   4   |   ff00::/8  |    ::   |   enp0s8  |   U   |Started Daily apt download activities.

         Starting Socket activation for snappy daemon.
[[0;32m  OK  [0m] Listening on UUID daemon activation socket.
[    9.920291] cloud-init         Starting LXD - unix socket.
[[0;32m  OK  [0m] Listening on ACPID Listen Socket.
[[0;32m  OK  [0m] Started Daily apt upgrade and clean activities.
[1074]: ci-info: |   5   |   ff00::/8  |    ::   |   enp0s3  |   U   |
[    9.924020] cloud-init[1074]: ci-info: +-------+-------------+---------+-----------+-------+[[0;32m  OK  [0m] Started ACPI Events Check.
[[0;32m  OK  [0m] Reached target Paths.
[[0;32m  OK  [0m] Listening on D-Bus System Message Bus Socket.
[[0;32m  OK  [0m] Started Daily Cleanup of Temporary Directories.

[[0;32m  OK  [0m] Started Message of the Day.
[[0;32m  OK  [0m] Reached target Timers.
[[0;32m  OK  [0m] Reached target Network is Online.
         Starting iSCSI initiator daemon (iscsid)...
[[0;32m  OK  [0m] Reached target Cloud-config availability.
[[0;32m  OK  [0m] Listening on Socket activation for snappy daemon.
[[0;32m  OK  [0m] Listening on LXD - unix socket.
[[0;32m  OK  [0m] Reached target Sockets.
[[0;32m  OK  [0m] Reached target Basic System.
         Starting LSB: Record successful boot for GRUB...
         Starting LXD - container startup/shutdown...
         Starting Message of the Day...
[[0;32m  OK  [0m] Started ACPI event daemon.
[[0;32m  OK  [0m] Started FUSE filesystem for LXC.
         Starting LSB: MD monitoring daemon...
         Starting /etc/rc.local Compatibility...
         Starting A high performance web server and a reverse proxy server...
[[0;32m  OK  [0m] Started Deferred execution scheduler.
         Starting Virtualbox guest utils...
[[0;32m  OK  [0m] Started D-Bus System Message Bus.
         Starting Accounts Service...
         Starting System Logging Service...
         Starting OpenBSD Secure Shell server...
[[0;32m  OK  [0m] Started Regular background program processing daemon.
         Starting Login Service...
         Starting Snap Daemon...
[[0;32m  OK  [0m] Started iSCSI initiator daemon (iscsid).
[[0;32m  OK  [0m] Started Message of the Day.
[[0;32m  OK  [0m] Started /etc/rc.local Compatibility.
[[0;32m  OK  [0m] Started System Logging Service.
[[0;32m  OK  [0m] Started Login Service.
[[0;32m  OK  [0m] Started Unattended Upgrades Shutdown.
         Starting Login to default iSCSI targets...
[[0;32m  OK  [0m] Started LSB: MD monitoring daemon.
[[0;32m  OK  [0m] Started LSB: Record successful boot for GRUB.
[[0;32m  OK  [0m] Started Login to default iSCSI targets.
[[0;32m  OK  [0m] Reached target Remote File Systems (Pre).
         Mounting /vagrant...
[[0;32m  OK  [0m] Started LXD - container startup/shutdown.
[[0;1;31mFAILED[0m] Failed to mount /vagrant.
See 'systemctl status vagrant.mount' for details.
[[0;1;33mDEPEND[0m] Dependency failed for Remote File Systems.
         Starting Permit User Sessions...
         Starting LSB: Set the CPU Frequency Scaling governor to "ondemand"...
         Starting LSB: automatic crash report generation...
         Starting LSB: daemon to balance interrupts for SMP systems...
[[0;32m  OK  [0m] Started OpenBSD Secure Shell server.
[[0;32m  OK  [0m] Started Permit User Sessions.
         Starting Hold until boot process finishes up...
         Starting Terminate Plymouth Boot Screen...
[[0;32m  OK  [0m] Started Hold until boot process finishes up.
[[0;32m  OK  [0m] Started Serial Getty on ttyS0.
[[0;32m  OK  [0m] Started Getty on tty1.
[[0;32m  OK  [0m] Reached target Login Prompts.
         Starting Set console scheme...
[[0;32m  OK  [0m] Started Terminate Plymouth Boot Screen.
[[0;1;31mFAILED[0m] Failed to start A high performance ...rver and a reverse proxy server.
See 'systemctl status nginx.service' for details.
[[0;32m  OK  [0m] Started Set console scheme.
         Starting Authenticate and Authorize Users to Run Privileged Tasks...
[[0;32m  OK  [0m] Started LSB: Set the CPU Frequency Scaling governor to "ondemand".
[[0;32m  OK  [0m] Started LSB: daemon to balance interrupts for SMP systems.
[[0;32m  OK  [0m] Started LSB: automatic crash report generation.
[[0;32m  OK  [0m] Started Virtualbox guest utils.
[[0;32m  OK  [0m] Started Authenticate and Authorize Users to Run Privileged Tasks.
[[0;32m  OK  [0m] Started Accounts Service.
[[0;32m  OK  [0m] Started Snap Daemon.
         Starting Wait until snapd is fully seeded...
[[0;32m  OK  [0m] Started Wait until snapd is fully seeded.
         Starting Apply the settings specified in cloud-config...
[   11.433070] cloud-init[1342]: Cloud-init v. 21.1-19-gbad84ad4-0ubuntu1~16.04.2 running 'modules:config' at Thu, 11 Apr 2024 07:59:42 +0000. Up 11.29 seconds.
[[0;32m  OK  [0m] Started Apply the settings specified in cloud-config.
         Starting cloud-id shim...
[[0;32m  OK  [0m] Started cloud-id shim.
[[0;32m  OK  [0m] Reached target Multi-User System.
[[0;32m  OK  [0m] Reached target Graphical Interface.
         Starting Update UTMP about System Runlevel Changes...
         Starting Execute cloud user/final scripts...
[[0;32m  OK  [0m] Started Update UTMP about System Runlevel Changes.
[[0;32m  OK  [0m] Created slice User Slice of vagrant.
         Starting User Manager for UID 1000...
[[0;32m  OK  [0m] Started Session 1 of user vagrant.
[[0;32m  OK  [0m] Started User Manager for UID 1000.
[   12.755258] cloud-init[1361]: Cloud-init v. 21.1-19-gbad84ad4-0ubuntu1~16.04.2 running 'modules:final' at Thu, 11 Apr 2024 07:59:43 +0000. Up 12.56 seconds.
[   12.758825] cloud-init[1361]: Cloud-init v. 21.1-19-gbad84ad4-0ubuntu1~16.04.2 finished at Thu, 11 Apr 2024 07:59:43 +0000. Datasource DataSourceNoCloud [seed=/dev/sdb][dsmode=net].  Up 12.74 seconds
[[0;32m  OK  [0m] Started Execute cloud user/final scripts.
[[0;32m  OK  [0m] Reached target Cloud-init target.

Ubuntu 16.04.7 LTS ubuntu-xenial ttyS0

ubuntu-xenial login: 